Creating x86_64 directory for .o files.

/projects/ps-nsg/home/nsguser/ngbw/workspace/NGBW-JOB-NEURON73_TG-1588248102084D1399E01BF0648C672B/Case7Model
mod_nsgportal/IKa.mod mod_nsgportal/ingauss.mod mod_nsgportal/Ksoma.mod mod_nsgportal/Nap.mod mod_nsgportal/Nasoma.mod
IKa.mod ingauss.mod Ksoma.mod Nap.mod Nasoma.mod
"/projects/ps-nsg/home/nsguser/applications/neuron7.3/nrn/x86_64/bin/nocmodl" IKa
"/projects/ps-nsg/home/nsguser/applications/neuron7.3/nrn/share/nrn/libtool" --tag=CC --mode=compile mpicc -DHAVE_CONFIG_H  -I. -I.. -I"/projects/ps-nsg/home/nsguser/applications/neuron7.3/nrn/include/nrn" -I"/projects/ps-nsg/home/nsguser/applications/neuron7.3/nrn/x86_64/lib"      -g -O2 -c -o IKa.lo IKa.c
libtool: compile:  mpicc -DHAVE_CONFIG_H -I. -I.. -I/projects/ps-nsg/home/nsguser/applications/neuron7.3/nrn/include/nrn -I/projects/ps-nsg/home/nsguser/applications/neuron7.3/nrn/x86_64/lib -g -O2 -c IKa.c  -fPIC -DPIC -o .libs/IKa.o
"/projects/ps-nsg/home/nsguser/applications/neuron7.3/nrn/x86_64/bin/nocmodl" ingauss
"/projects/ps-nsg/home/nsguser/applications/neuron7.3/nrn/share/nrn/libtool" --tag=CC --mode=compile mpicc -DHAVE_CONFIG_H  -I. -I.. -I"/projects/ps-nsg/home/nsguser/applications/neuron7.3/nrn/include/nrn" -I"/projects/ps-nsg/home/nsguser/applications/neuron7.3/nrn/x86_64/lib"      -g -O2 -c -o ingauss.lo ingauss.c
libtool: compile:  mpicc -DHAVE_CONFIG_H -I. -I.. -I/projects/ps-nsg/home/nsguser/applications/neuron7.3/nrn/include/nrn -I/projects/ps-nsg/home/nsguser/applications/neuron7.3/nrn/x86_64/lib -g -O2 -c ingauss.c  -fPIC -DPIC -o .libs/ingauss.o
"/projects/ps-nsg/home/nsguser/applications/neuron7.3/nrn/x86_64/bin/nocmodl" Ksoma
"/projects/ps-nsg/home/nsguser/applications/neuron7.3/nrn/share/nrn/libtool" --tag=CC --mode=compile mpicc -DHAVE_CONFIG_H  -I. -I.. -I"/projects/ps-nsg/home/nsguser/applications/neuron7.3/nrn/include/nrn" -I"/projects/ps-nsg/home/nsguser/applications/neuron7.3/nrn/x86_64/lib"      -g -O2 -c -o Ksoma.lo Ksoma.c
libtool: compile:  mpicc -DHAVE_CONFIG_H -I. -I.. -I/projects/ps-nsg/home/nsguser/applications/neuron7.3/nrn/include/nrn -I/projects/ps-nsg/home/nsguser/applications/neuron7.3/nrn/x86_64/lib -g -O2 -c Ksoma.c  -fPIC -DPIC -o .libs/Ksoma.o
"/projects/ps-nsg/home/nsguser/applications/neuron7.3/nrn/x86_64/bin/nocmodl" Nap
"/projects/ps-nsg/home/nsguser/applications/neuron7.3/nrn/share/nrn/libtool" --tag=CC --mode=compile mpicc -DHAVE_CONFIG_H  -I. -I.. -I"/projects/ps-nsg/home/nsguser/applications/neuron7.3/nrn/include/nrn" -I"/projects/ps-nsg/home/nsguser/applications/neuron7.3/nrn/x86_64/lib"      -g -O2 -c -o Nap.lo Nap.c
libtool: compile:  mpicc -DHAVE_CONFIG_H -I. -I.. -I/projects/ps-nsg/home/nsguser/applications/neuron7.3/nrn/include/nrn -I/projects/ps-nsg/home/nsguser/applications/neuron7.3/nrn/x86_64/lib -g -O2 -c Nap.c  -fPIC -DPIC -o .libs/Nap.o
"/projects/ps-nsg/home/nsguser/applications/neuron7.3/nrn/x86_64/bin/nocmodl" Nasoma
Warning: Default 24 of PARAMETER celsius will be ignored and set by NEURON.
Warning: Default 90 of PARAMETER ena will be ignored and set by NEURON.
"/projects/ps-nsg/home/nsguser/applications/neuron7.3/nrn/share/nrn/libtool" --tag=CC --mode=compile mpicc -DHAVE_CONFIG_H  -I. -I.. -I"/projects/ps-nsg/home/nsguser/applications/neuron7.3/nrn/include/nrn" -I"/projects/ps-nsg/home/nsguser/applications/neuron7.3/nrn/x86_64/lib"      -g -O2 -c -o Nasoma.lo Nasoma.c
libtool: compile:  mpicc -DHAVE_CONFIG_H -I. -I.. -I/projects/ps-nsg/home/nsguser/applications/neuron7.3/nrn/include/nrn -I/projects/ps-nsg/home/nsguser/applications/neuron7.3/nrn/x86_64/lib -g -O2 -c Nasoma.c  -fPIC -DPIC -o .libs/Nasoma.o
"/projects/ps-nsg/home/nsguser/applications/neuron7.3/nrn/share/nrn/libtool" --tag=CC --mode=compile mpicc -DHAVE_CONFIG_H  -I. -I.. -I"/projects/ps-nsg/home/nsguser/applications/neuron7.3/nrn/include/nrn" -I"/projects/ps-nsg/home/nsguser/applications/neuron7.3/nrn/x86_64/lib"      -g -O2 -c -o mod_func.lo mod_func.c
libtool: compile:  mpicc -DHAVE_CONFIG_H -I. -I.. -I/projects/ps-nsg/home/nsguser/applications/neuron7.3/nrn/include/nrn -I/projects/ps-nsg/home/nsguser/applications/neuron7.3/nrn/x86_64/lib -g -O2 -c mod_func.c  -fPIC -DPIC -o .libs/mod_func.o
"/projects/ps-nsg/home/nsguser/applications/neuron7.3/nrn/share/nrn/libtool" --tag=CC --mode=link mpicc -module  -g -O2    -o libnrnmech.la -rpath "/projects/ps-nsg/home/nsguser/applications/neuron7.3/nrn/x86_64/lib"  IKa.lo ingauss.lo Ksoma.lo Nap.lo Nasoma.lo mod_func.lo  -L"/projects/ps-nsg/home/nsguser/applications/neuron7.3/nrn/x86_64/lib" -lnrnoc -loc -lmemacs -lnrnmpi -lscopmath -lsparse13 -lreadline -lncurses -L"/projects/ps-nsg/home/nsguser/applications/neuron7.3/nrn/x86_64/lib" "/projects/ps-nsg/home/nsguser/applications/neuron7.3/nrn/x86_64/lib/libnrniv.la" -livoc -lneuron_gnu -lmeschach -lsundials -livos      -lm -ldl
libtool: link: mpicc -shared  .libs/IKa.o .libs/ingauss.o .libs/Ksoma.o .libs/Nap.o .libs/Nasoma.o .libs/mod_func.o   -Wl,-rpath -Wl,/projects/ps-nsg/home/nsguser/applications/neuron7.3/nrn/x86_64/lib -Wl,-rpath -Wl,/opt/openmpi/gnu/ib/lib -Wl,-rpath -Wl,/opt/torque/lib -Wl,-rpath -Wl,/opt/gnu/gcc/lib/../lib64 -Wl,-rpath -Wl,/projects/ps-nsg/home/nsguser/applications/neuron7.3/nrn/x86_64/lib -Wl,-rpath -Wl,/opt/openmpi/gnu/ib/lib -Wl,-rpath -Wl,/opt/torque/lib -Wl,-rpath -Wl,/opt/gnu/gcc/lib/../lib64 -L/projects/ps-nsg/home/nsguser/applications/neuron7.3/nrn/x86_64/lib /projects/ps-nsg/home/nsguser/applications/neuron7.3/nrn/x86_64/lib/libnrnoc.so /projects/ps-nsg/home/nsguser/applications/neuron7.3/nrn/x86_64/lib/liboc.so /projects/ps-nsg/home/nsguser/applications/neuron7.3/nrn/x86_64/lib/libmemacs.so /projects/ps-nsg/home/nsguser/applications/neuron7.3/nrn/x86_64/lib/libnrnmpi.so /projects/ps-nsg/home/nsguser/applications/neuron7.3/nrn/x86_64/lib/libscopmath.so /projects/ps-nsg/home/nsguser/applications/neuron7.3/nrn/x86_64/lib/libsparse13.so -lreadline -lncurses /projects/ps-nsg/home/nsguser/applications/neuron7.3/nrn/x86_64/lib/libnrniv.so -L/opt/openmpi/gnu/ib/lib -L/opt/torque/lib64 -L/opt/torque/lib -L/opt/gnu/gcc/lib/../lib64 -L/opt/rocks/lib /projects/ps-nsg/home/nsguser/applications/neuron7.3/nrn/x86_64/lib/libivoc.so /projects/ps-nsg/home/nsguser/applications/neuron7.3/nrn/x86_64/lib/libneuron_gnu.so /projects/ps-nsg/home/nsguser/applications/neuron7.3/nrn/x86_64/lib/libmeschach.so /projects/ps-nsg/home/nsguser/applications/neuron7.3/nrn/x86_64/lib/libsundials.so /projects/ps-nsg/home/nsguser/applications/neuron7.3/nrn/x86_64/lib/libivos.so /opt/openmpi/gnu/ib/lib/libmpi_cxx.so /opt/openmpi/gnu/ib/lib/libmpi.so /opt/torque/lib/libtorque.so -lxml2 /opt/rocks/lib/libxml2.so -lz -lcrypto -lssl /opt/gnu/gcc/lib/../lib64/libstdc++.so -lm -ldl    -pthread -Wl,-soname -Wl,libnrnmech.so.0 -o .libs/libnrnmech.so.0.0.0
libtool: link: (cd ".libs" && rm -f "libnrnmech.so.0" && ln -s "libnrnmech.so.0.0.0" "libnrnmech.so.0")
libtool: link: (cd ".libs" && rm -f "libnrnmech.so" && ln -s "libnrnmech.so.0.0.0" "libnrnmech.so")
libtool: link: ( cd ".libs" && rm -f "libnrnmech.la" && ln -s "../libnrnmech.la" "libnrnmech.la" )
Successfully created x86_64/special
nrnivmodl Case7Model/mod_nsgportal succeeded
